########### array before sorts ###########
0	1.270000	0.000000	0.000000	1.270000	n
1	0.000000	1.270000	0.000000	19.050000	n
2	0.000000	19.050000	6.350000	25.400000	n
3	6.350000	25.400000	16.510000	25.400000	n
4	1.270000	0.000000	17.780000	0.000000	n
5	17.780000	0.000000	19.050000	1.270000	n
6	19.050000	1.270000	19.050000	22.860000	n
7	19.050000	22.860000	16.510000	25.400000	n
Tolerance=0.050000.
*Exact match for i=0 and j=1.
*i point 1.270000	0.000000	0.000000	1.270000	y
*Exact match for i=1 and j=2.
*i point 0.000000	1.270000	0.000000	19.050000	y
*Exact match for i=2 and j=3.
*i point 0.000000	19.050000	6.350000	25.400000	y
*Exact match for i=3 and j=7.
*i point 6.350000	25.400000	16.510000	25.400000	y
	*Before flip 	19.050000	22.860000	16.510000	25.400000	y
	*After flip 	16.510000	25.400000	19.050000	22.860000	y
*Exact match for i=4 and j=6.
*i point 16.510000	25.400000	19.050000	22.860000	y
	*Before flip 	19.050000	1.270000	19.050000	22.860000	y
	*After flip 	19.050000	22.860000	19.050000	1.270000	y
*Exact match for i=5 and j=6.
*i point 19.050000	22.860000	19.050000	1.270000	y
	*Before flip 	17.780000	0.000000	19.050000	1.270000	y
	*After flip 	19.050000	1.270000	17.780000	0.000000	y
*Exact match for i=6 and j=7.
*i point 19.050000	1.270000	17.780000	0.000000	y
	*Before flip 	1.270000	0.000000	17.780000	0.000000	y
	*After flip 	17.780000	0.000000	1.270000	0.000000	y
########### array after sorts ###########
0	1.270000	0.000000	0.000000	1.270000	y
1	0.000000	1.270000	0.000000	19.050000	y
2	0.000000	19.050000	6.350000	25.400000	y
3	6.350000	25.400000	16.510000	25.400000	y
4	16.510000	25.400000	19.050000	22.860000	y
5	19.050000	22.860000	19.050000	1.270000	y
6	19.050000	1.270000	17.780000	0.000000	y
7	17.780000	0.000000	1.270000	0.000000	y
***************
.BOARD_OUTLINE UNOWNED
1.6
0     1.270000     0.000000     0
0     0.000000     1.270000     0
0     0.000000     19.050000     0
0     6.350000     25.400000     0
0     16.510000     25.400000     0
0     19.050000     22.860000     0
0     19.050000     1.270000     0
0     17.780000     0.000000     0
0     1.270000     0.000000     0
